[01m[K/home/makarand/Documents/Navigation_ws/src/fuse_navigation/fuse_navigation/node/node_map_node.cpp:[m[K In function â€˜[01m[Kint main(int, char**)[m[Kâ€™:
[01m[K/home/makarand/Documents/Navigation_ws/src/fuse_navigation/fuse_navigation/node/node_map_node.cpp:239:3:[m[K [01;31m[Kerror: [m[Kexpected â€˜[01m[K;[m[Kâ€™ before â€˜[01m[Kstd[m[Kâ€™
   [01;31m[Kstd[m[K::ifstream json_file;
   [01;31m[K^~~[m[K
[01m[K/home/makarand/Documents/Navigation_ws/src/fuse_navigation/fuse_navigation/node/node_map_node.cpp:240:3:[m[K [01;31m[Kerror: [m[Kâ€˜[01m[Kjson_file[m[Kâ€™ was not declared in this scope
   [01;31m[Kjson_file[m[K.open(json_filename);
   [01;31m[K^~~~~~~~~[m[K
[01m[K/home/makarand/Documents/Navigation_ws/src/fuse_navigation/fuse_navigation/node/node_map_node.cpp:240:3:[m[K [01;36m[Knote: [m[Ksuggested alternative: â€˜[01m[Kjson_filename[m[Kâ€™
   [01;36m[Kjson_file[m[K.open(json_filename);
   [01;36m[K^~~~~~~~~[m[K
   [32m[Kjson_filename[m[K
[01m[K/home/makarand/Documents/Navigation_ws/src/fuse_navigation/fuse_navigation/node/node_map_node.cpp:253:5:[m[K [01;31m[Kerror: [m[Kâ€˜[01m[Kcout[m[Kâ€™ was not declared in this scope
     [01;31m[Kcout[m[K<< line << std::endl;
     [01;31m[K^~~~[m[K
[01m[K/home/makarand/Documents/Navigation_ws/src/fuse_navigation/fuse_navigation/node/node_map_node.cpp:253:5:[m[K [01;36m[Knote: [m[Ksuggested alternative:
In file included from [01m[K/home/makarand/Documents/Navigation_ws/src/fuse_navigation/fuse_navigation/node/node_map_node.cpp:2:0[m[K:
[01m[K/usr/include/c++/7/iostream:61:18:[m[K [01;36m[Knote: [m[K  â€˜[01m[Kstd::cout[m[Kâ€™
   extern ostream [01;36m[Kcout[m[K;  /// Linked to standard output
                  [01;36m[K^~~~[m[K
make[2]: *** [CMakeFiles/node_map_node.dir/node/node_map_node.cpp.o] Error 1
make[1]: *** [CMakeFiles/node_map_node.dir/all] Error 2
make: *** [all] Error 2
