[01m[K/home/makarand/Documents/Navigation_ws/src/fuse_navigation/fuse_navigation/src/node_map.cpp:175:17:[m[K [01;35m[Kwarning: [m[Kmissing terminating " character
     std::cout<< [01;35m[K"[m[KPrint check-3 <<std::endl;
                 [01;35m[K^[m[K
[01m[K/home/makarand/Documents/Navigation_ws/src/fuse_navigation/fuse_navigation/src/node_map.cpp:175:17:[m[K [01;31m[Kerror: [m[Kmissing terminating " character
     std::cout<< [01;31m[K"Print check-3 <<std::endl;[m[K
                 [01;31m[K^~~~~~~~~~~~~~~~~~~~~~~~~~~[m[K
[01m[K/home/makarand/Documents/Navigation_ws/src/fuse_navigation/fuse_navigation/src/node_map.cpp:175:17:[m[K [01;35m[Kwarning: [m[Kmissing terminating " character
     std::cout<< [01;35m[K"[m[KPrint check-3 <<std::endl;
                 [01;35m[K^[m[K
[01m[K/home/makarand/Documents/Navigation_ws/src/fuse_navigation/fuse_navigation/src/node_map.cpp:175:17:[m[K [01;31m[Kerror: [m[Kmissing terminating " character
     std::cout<< [01;31m[K"Print check-3 <<std::endl;[m[K
                 [01;31m[K^~~~~~~~~~~~~~~~~~~~~~~~~~~[m[K
[01m[K/home/makarand/Documents/Navigation_ws/src/fuse_navigation/fuse_navigation/src/node_map.cpp:64:15:[m[K [01;35m[Kwarning: [m[Kâ€˜[01m[Kstd::ostream& fuse_navigation::operator<<(std::ostream&, const fuse_navigation::MapLocation&)[m[Kâ€™ has not been declared within fuse_navigation
 std::ostream &[01;35m[Kfuse_navigation[m[K::operator<<(std::ostream &os, const fuse_navigation::MapLocation &location) {
               [01;35m[K^~~~~~~~~~~~~~~[m[K
In file included from [01m[K/home/makarand/Documents/Navigation_ws/src/fuse_navigation/fuse_navigation/src/node_map.cpp:14:0[m[K:
[01m[K/home/makarand/Documents/Navigation_ws/src/fuse_navigation/fuse_navigation/include/fuse_navigation/node_map.h:67:24:[m[K [01;36m[Knote: [m[Konly here as a friend
   friend std::ostream &[01;36m[Koperator[m[K<<(std::ostream &os, const MapLocation &location);
                        [01;36m[K^~~~~~~~[m[K
[01m[K/home/makarand/Documents/Navigation_ws/src/fuse_navigation/fuse_navigation/src/node_map.cpp:[m[K In member function â€˜[01m[Kbool fuse_navigation::NodeMap::loadJSON(const string&)[m[Kâ€™:
[01m[K/home/makarand/Documents/Navigation_ws/src/fuse_navigation/fuse_navigation/src/node_map.cpp:178:5:[m[K [01;31m[Kerror: [m[Kexpected primary-expression before â€˜[01m[Kauto[m[Kâ€™
     [01;31m[Kauto[m[K json_edges = getJsonElement(item.value(), "edges");
     [01;31m[K^~~~[m[K
[01m[K/home/makarand/Documents/Navigation_ws/src/fuse_navigation/fuse_navigation/src/node_map.cpp:179:28:[m[K [01;31m[Kerror: [m[Kâ€˜[01m[Kjson_edges[m[Kâ€™ was not declared in this scope
     for (auto& edge_item : [01;31m[Kjson_edges[m[K.items()) {
                            [01;31m[K^~~~~~~~~~[m[K
[01m[K/home/makarand/Documents/Navigation_ws/src/fuse_navigation/fuse_navigation/src/node_map.cpp:179:28:[m[K [01;36m[Knote: [m[Ksuggested alternative: â€˜[01m[Kjson_nodes[m[Kâ€™
     for (auto& edge_item : [01;36m[Kjson_edges[m[K.items()) {
                            [01;36m[K^~~~~~~~~~[m[K
                            [32m[Kjson_nodes[m[K
[01m[K/home/makarand/Documents/Navigation_ws/src/fuse_navigation/fuse_navigation/src/node_map.cpp:64:15:[m[K [01;35m[Kwarning: [m[Kâ€˜[01m[Kstd::ostream& fuse_navigation::operator<<(std::ostream&, const fuse_navigation::MapLocation&)[m[Kâ€™ has not been declared within fuse_navigation
 std::ostream &[01;35m[Kfuse_navigation[m[K::operator<<(std::ostream &os, const fuse_navigation::MapLocation &location) {
               [01;35m[K^~~~~~~~~~~~~~~[m[K
In file included from [01m[K/home/makarand/Documents/Navigation_ws/src/fuse_navigation/fuse_navigation/src/node_map.cpp:14:0[m[K:
[01m[K/home/makarand/Documents/Navigation_ws/src/fuse_navigation/fuse_navigation/include/fuse_navigation/node_map.h:67:24:[m[K [01;36m[Knote: [m[Konly here as a friend
   friend std::ostream &[01;36m[Koperator[m[K<<(std::ostream &os, const MapLocation &location);
                        [01;36m[K^~~~~~~~[m[K
[01m[K/home/makarand/Documents/Navigation_ws/src/fuse_navigation/fuse_navigation/src/node_map.cpp:[m[K In member function â€˜[01m[Kbool fuse_navigation::NodeMap::loadJSON(const string&)[m[Kâ€™:
[01m[K/home/makarand/Documents/Navigation_ws/src/fuse_navigation/fuse_navigation/src/node_map.cpp:178:5:[m[K [01;31m[Kerror: [m[Kexpected primary-expression before â€˜[01m[Kauto[m[Kâ€™
     [01;31m[Kauto[m[K json_edges = getJsonElement(item.value(), "edges");
     [01;31m[K^~~~[m[K
[01m[K/home/makarand/Documents/Navigation_ws/src/fuse_navigation/fuse_navigation/src/node_map.cpp:179:28:[m[K [01;31m[Kerror: [m[Kâ€˜[01m[Kjson_edges[m[Kâ€™ was not declared in this scope
     for (auto& edge_item : [01;31m[Kjson_edges[m[K.items()) {
                            [01;31m[K^~~~~~~~~~[m[K
[01m[K/home/makarand/Documents/Navigation_ws/src/fuse_navigation/fuse_navigation/src/node_map.cpp:179:28:[m[K [01;36m[Knote: [m[Ksuggested alternative: â€˜[01m[Kjson_nodes[m[Kâ€™
     for (auto& edge_item : [01;36m[Kjson_edges[m[K.items()) {
                            [01;36m[K^~~~~~~~~~[m[K
                            [32m[Kjson_nodes[m[K
make[2]: *** [CMakeFiles/behavior_manager.dir/src/node_map.cpp.o] Error 1
make[1]: *** [CMakeFiles/behavior_manager.dir/all] Error 2
make[1]: *** Waiting for unfinished jobs....
make[2]: *** [CMakeFiles/node_map_node.dir/src/node_map.cpp.o] Error 1
make[1]: *** [CMakeFiles/node_map_node.dir/all] Error 2
make: *** [all] Error 2
